11:09:20.325 INFO  [c.e.ssbeproject.SsBeProjectApplication  ] Starting SsBeProjectApplication using Java 17.0.1 on INSWIT with PID 2902 (/home/inswit/Desktop/Raja - Works/ss-be-project/target/classes started by inswit in /home/inswit/Desktop/Raja - Works/ss-be-project) [main] 
11:09:20.327 INFO  [c.e.ssbeproject.SsBeProjectApplication  ] No active profile set, falling back to 1 default profile: "default" [main] 
11:09:20.942 INFO  [o.s.b.w.embedded.tomcat.TomcatWebServer ] Tomcat initialized with port(s): 8080 (http) [main] 
11:09:20.948 INFO  [o.apache.coyote.http11.Http11NioProtocol] Initializing ProtocolHandler ["http-nio-8080"] [main] 
11:09:20.948 INFO  [org.apache.catalina.core.StandardService] Starting service [Tomcat] [main] 
11:09:20.949 INFO  [org.apache.catalina.core.StandardEngine ] Starting Servlet engine: [Apache Tomcat/9.0.62] [main] 
11:09:21.010 INFO  [o.a.c.c.C.[Tomcat].[localhost].[/]      ] Initializing Spring embedded WebApplicationContext [main] 
11:09:21.010 INFO  [o.s.b.w.s.c.ServletWebServerApplicationContext] Root WebApplicationContext: initialization completed in 652 ms [main] 
11:09:21.114 INFO  [org.mongodb.driver.client               ] MongoClient with metadata {"driver": {"name": "mongo-java-driver|legacy", "version": "4.6.0"}, "os": {"type": "Linux", "name": "Linux", "architecture": "amd64", "version": "5.4.0-109-generic"}, "platform": "Java/Oracle Corporation/17.0.1+12-39"} created with settings MongoClientSettings{readPreference=primary, writeConcern=WriteConcern{w=null, wTimeout=null ms, journal=null}, retryWrites=true, retryReads=true, readConcern=ReadConcern{level=null}, credential=null, streamFactoryFactory=null, commandListeners=[], codecRegistry=ProvidersCodecRegistry{codecProviders=[ValueCodecProvider{}, BsonValueCodecProvider{}, DBRefCodecProvider{}, DBObjectCodecProvider{}, DocumentCodecProvider{}, IterableCodecProvider{}, MapCodecProvider{}, GeoJsonCodecProvider{}, GridFSFileCodecProvider{}, Jsr310CodecProvider{}, JsonObjectCodecProvider{}, BsonCodecProvider{}, EnumCodecProvider{}, com.mongodb.Jep395RecordCodecProvider@1db7157f]}, clusterSettings={hosts=[127.0.0.1:27017], srvServiceName=mongodb, mode=SINGLE, requiredClusterType=UNKNOWN, requiredReplicaSetName='null', serverSelector='null', clusterListeners='[]', serverSelectionTimeout='30000 ms', localThreshold='30000 ms'}, socketSettings=SocketSettings{connectTimeoutMS=10000, readTimeoutMS=0, receiveBufferSize=0, sendBufferSize=0}, heartbeatSocketSettings=SocketSettings{connectTimeoutMS=10000, readTimeoutMS=10000, receiveBufferSize=0, sendBufferSize=0}, connectionPoolSettings=ConnectionPoolSettings{maxSize=100, minSize=0, maxWaitTimeMS=120000, maxConnectionLifeTimeMS=0, maxConnectionIdleTimeMS=0, maintenanceInitialDelayMS=0, maintenanceFrequencyMS=60000, connectionPoolListeners=[], maxConnecting=2}, serverSettings=ServerSettings{heartbeatFrequencyMS=10000, minHeartbeatFrequencyMS=500, serverListeners='[]', serverMonitorListeners='[]'}, sslSettings=SslSettings{enabled=false, invalidHostNameAllowed=false, context=null}, applicationName='null', compressorList=[], uuidRepresentation=UNSPECIFIED, serverApi=null, autoEncryptionSettings=null, contextProvider=null} [main] 
11:09:21.118 INFO  [org.mongodb.driver.client               ] MongoClient with metadata {"driver": {"name": "mongo-java-driver|legacy", "version": "4.6.0"}, "os": {"type": "Linux", "name": "Linux", "architecture": "amd64", "version": "5.4.0-109-generic"}, "platform": "Java/Oracle Corporation/17.0.1+12-39"} created with settings MongoClientSettings{readPreference=primary, writeConcern=WriteConcern{w=null, wTimeout=null ms, journal=null}, retryWrites=true, retryReads=true, readConcern=ReadConcern{level=null}, credential=null, streamFactoryFactory=null, commandListeners=[], codecRegistry=ProvidersCodecRegistry{codecProviders=[ValueCodecProvider{}, BsonValueCodecProvider{}, DBRefCodecProvider{}, DBObjectCodecProvider{}, DocumentCodecProvider{}, IterableCodecProvider{}, MapCodecProvider{}, GeoJsonCodecProvider{}, GridFSFileCodecProvider{}, Jsr310CodecProvider{}, JsonObjectCodecProvider{}, BsonCodecProvider{}, EnumCodecProvider{}, com.mongodb.Jep395RecordCodecProvider@1db7157f]}, clusterSettings={hosts=[127.0.0.1:27017], srvServiceName=mongodb, mode=SINGLE, requiredClusterType=UNKNOWN, requiredReplicaSetName='null', serverSelector='null', clusterListeners='[]', serverSelectionTimeout='30000 ms', localThreshold='30000 ms'}, socketSettings=SocketSettings{connectTimeoutMS=10000, readTimeoutMS=0, receiveBufferSize=0, sendBufferSize=0}, heartbeatSocketSettings=SocketSettings{connectTimeoutMS=10000, readTimeoutMS=10000, receiveBufferSize=0, sendBufferSize=0}, connectionPoolSettings=ConnectionPoolSettings{maxSize=100, minSize=0, maxWaitTimeMS=120000, maxConnectionLifeTimeMS=0, maxConnectionIdleTimeMS=0, maintenanceInitialDelayMS=0, maintenanceFrequencyMS=60000, connectionPoolListeners=[], maxConnecting=2}, serverSettings=ServerSettings{heartbeatFrequencyMS=10000, minHeartbeatFrequencyMS=500, serverListeners='[]', serverMonitorListeners='[]'}, sslSettings=SslSettings{enabled=false, invalidHostNameAllowed=false, context=null}, applicationName='null', compressorList=[], uuidRepresentation=UNSPECIFIED, serverApi=null, autoEncryptionSettings=null, contextProvider=null} [main] 
11:09:21.123 INFO  [org.mongodb.driver.connection           ] Opened connection [connectionId{localValue:2, serverValue:214}] to 127.0.0.1:27017 [cluster-ClusterId{value='6268d7097b147803b7b683b7', description='null'}-127.0.0.1:27017] 
11:09:21.123 INFO  [org.mongodb.driver.cluster              ] Monitor thread successfully connected to server with description ServerDescription{address=127.0.0.1:27017, type=STANDALONE, state=CONNECTED, ok=true, minWireVersion=0, maxWireVersion=13, maxDocumentSize=16777216, logicalSessionTimeoutMinutes=30, roundTripTimeNanos=12469212} [cluster-ClusterId{value='6268d7097b147803b7b683b7', description='null'}-127.0.0.1:27017] 
11:09:21.131 INFO  [org.mongodb.driver.connection           ] Opened connection [connectionId{localValue:1, serverValue:213}] to 127.0.0.1:27017 [cluster-rtt-ClusterId{value='6268d7097b147803b7b683b7', description='null'}-127.0.0.1:27017] 
11:09:21.459 INFO  [org.mongodb.driver.client               ] MongoClient with metadata {"driver": {"name": "mongo-java-driver|sync|spring-boot", "version": "4.6.0"}, "os": {"type": "Linux", "name": "Linux", "architecture": "amd64", "version": "5.4.0-109-generic"}, "platform": "Java/Oracle Corporation/17.0.1+12-39"} created with settings MongoClientSettings{readPreference=primary, writeConcern=WriteConcern{w=null, wTimeout=null ms, journal=null}, retryWrites=true, retryReads=true, readConcern=ReadConcern{level=null}, credential=null, streamFactoryFactory=null, commandListeners=[], codecRegistry=ProvidersCodecRegistry{codecProviders=[ValueCodecProvider{}, BsonValueCodecProvider{}, DBRefCodecProvider{}, DBObjectCodecProvider{}, DocumentCodecProvider{}, IterableCodecProvider{}, MapCodecProvider{}, GeoJsonCodecProvider{}, GridFSFileCodecProvider{}, Jsr310CodecProvider{}, JsonObjectCodecProvider{}, BsonCodecProvider{}, EnumCodecProvider{}, com.mongodb.Jep395RecordCodecProvider@1db7157f]}, clusterSettings={hosts=[127.0.0.1:27017], srvServiceName=mongodb, mode=SINGLE, requiredClusterType=UNKNOWN, requiredReplicaSetName='null', serverSelector='null', clusterListeners='[]', serverSelectionTimeout='30000 ms', localThreshold='30000 ms'}, socketSettings=SocketSettings{connectTimeoutMS=10000, readTimeoutMS=0, receiveBufferSize=0, sendBufferSize=0}, heartbeatSocketSettings=SocketSettings{connectTimeoutMS=10000, readTimeoutMS=10000, receiveBufferSize=0, sendBufferSize=0}, connectionPoolSettings=ConnectionPoolSettings{maxSize=100, minSize=0, maxWaitTimeMS=120000, maxConnectionLifeTimeMS=0, maxConnectionIdleTimeMS=0, maintenanceInitialDelayMS=0, maintenanceFrequencyMS=60000, connectionPoolListeners=[], maxConnecting=2}, serverSettings=ServerSettings{heartbeatFrequencyMS=10000, minHeartbeatFrequencyMS=500, serverListeners='[]', serverMonitorListeners='[]'}, sslSettings=SslSettings{enabled=false, invalidHostNameAllowed=false, context=null}, applicationName='null', compressorList=[], uuidRepresentation=JAVA_LEGACY, serverApi=null, autoEncryptionSettings=null, contextProvider=null} [main] 
11:09:21.461 INFO  [org.mongodb.driver.connection           ] Opened connection [connectionId{localValue:3, serverValue:215}] to 127.0.0.1:27017 [cluster-ClusterId{value='6268d7097b147803b7b683b8', description='null'}-127.0.0.1:27017] 
11:09:21.461 INFO  [org.mongodb.driver.cluster              ] Monitor thread successfully connected to server with description ServerDescription{address=127.0.0.1:27017, type=STANDALONE, state=CONNECTED, ok=true, minWireVersion=0, maxWireVersion=13, maxDocumentSize=16777216, logicalSessionTimeoutMinutes=30, roundTripTimeNanos=1528648} [cluster-ClusterId{value='6268d7097b147803b7b683b8', description='null'}-127.0.0.1:27017] 
11:09:21.465 INFO  [org.mongodb.driver.connection           ] Opened connection [connectionId{localValue:4, serverValue:216}] to 127.0.0.1:27017 [cluster-rtt-ClusterId{value='6268d7097b147803b7b683b8', description='null'}-127.0.0.1:27017] 
11:09:21.499 INFO  [o.apache.coyote.http11.Http11NioProtocol] Starting ProtocolHandler ["http-nio-8080"] [main] 
11:09:21.513 INFO  [o.s.b.w.embedded.tomcat.TomcatWebServer ] Tomcat started on port(s): 8080 (http) with context path '' [main] 
11:09:21.519 INFO  [c.e.ssbeproject.SsBeProjectApplication  ] Started SsBeProjectApplication in 1.439 seconds (JVM running for 3.775) [main] 
11:09:25.890 INFO  [o.a.c.c.C.[Tomcat].[localhost].[/]      ] Initializing Spring DispatcherServlet 'dispatcherServlet' [http-nio-8080-exec-2] 
11:09:25.891 INFO  [o.s.web.servlet.DispatcherServlet       ] Initializing Servlet 'dispatcherServlet' [http-nio-8080-exec-2] 
11:09:25.891 INFO  [o.s.web.servlet.DispatcherServlet       ] Completed initialization in 0 ms [http-nio-8080-exec-2] 
11:09:25.958 WARN  [dev.morphia.mapping.MappedField         ] Parameterized types are treated as untyped Objects. See field 'id' on class com.example.ssbeproject.entities.Customer [http-nio-8080-exec-2] 
11:09:25.970 ERROR [o.a.c.c.C.[.[.[/].[dispatcherServlet]   ] Servlet.service() for servlet [dispatcherServlet] in context with path [] threw exception [Request processing failed; nested exception is java.lang.reflect.InaccessibleObjectException: Unable to make field private final byte[] java.lang.String.value accessible: module java.base does not "opens java.lang" to unnamed module @6db9f5a4] with root cause [http-nio-8080-exec-2] 
java.lang.reflect.InaccessibleObjectException: Unable to make field private final byte[] java.lang.String.value accessible: module java.base does not "opens java.lang" to unnamed module @6db9f5a4
	at java.base/java.lang.reflect.AccessibleObject.checkCanSetAccessible(AccessibleObject.java:354)
	at java.base/java.lang.reflect.AccessibleObject.checkCanSetAccessible(AccessibleObject.java:297)
	at java.base/java.lang.reflect.Field.checkCanSetAccessible(Field.java:178)
	at java.base/java.lang.reflect.Field.setAccessible(Field.java:172)
	at dev.morphia.mapping.MappedClass.discover(MappedClass.java:562)
	at dev.morphia.mapping.MappedClass.<init>(MappedClass.java:142)
	at dev.morphia.mapping.Mapper.getMappedClass(Mapper.java:529)
	at dev.morphia.internal.PathTarget.resolveField(PathTarget.java:169)
	at dev.morphia.internal.PathTarget.resolve(PathTarget.java:126)
	at dev.morphia.internal.PathTarget.getTarget(PathTarget.java:104)
	at dev.morphia.query.UpdateOpsImpl.add(UpdateOpsImpl.java:285)
	at dev.morphia.query.UpdateOpsImpl.set(UpdateOpsImpl.java:232)
	at com.example.ssbeproject.repository.CustomerRepository.updateCustomer(CustomerRepository.java:31)
	at com.example.ssbeproject.service.CustomerService.updateCustomer(CustomerService.java:35)
	at com.example.ssbeproject.controller.CustomerController.updateCustomer(CustomerController.java:39)
	at java.base/jdk.internal.reflect.NativeMethodAccessorImpl.invoke0(Native Method)
	at java.base/jdk.internal.reflect.NativeMethodAccessorImpl.invoke(NativeMethodAccessorImpl.java:77)
	at java.base/jdk.internal.reflect.DelegatingMethodAccessorImpl.invoke(DelegatingMethodAccessorImpl.java:43)
	at java.base/java.lang.reflect.Method.invoke(Method.java:568)
	at org.springframework.web.method.support.InvocableHandlerMethod.doInvoke(InvocableHandlerMethod.java:205)
	at org.springframework.web.method.support.InvocableHandlerMethod.invokeForRequest(InvocableHandlerMethod.java:150)
	at org.springframework.web.servlet.mvc.method.annotation.ServletInvocableHandlerMethod.invokeAndHandle(ServletInvocableHandlerMethod.java:117)
	at org.springframework.web.servlet.mvc.method.annotation.RequestMappingHandlerAdapter.invokeHandlerMethod(RequestMappingHandlerAdapter.java:895)
	at org.springframework.web.servlet.mvc.method.annotation.RequestMappingHandlerAdapter.handleInternal(RequestMappingHandlerAdapter.java:808)
	at org.springframework.web.servlet.mvc.method.AbstractHandlerMethodAdapter.handle(AbstractHandlerMethodAdapter.java:87)
	at org.springframework.web.servlet.DispatcherServlet.doDispatch(DispatcherServlet.java:1067)
	at org.springframework.web.servlet.DispatcherServlet.doService(DispatcherServlet.java:963)
	at org.springframework.web.servlet.FrameworkServlet.processRequest(FrameworkServlet.java:1006)
	at org.springframework.web.servlet.FrameworkServlet.doPut(FrameworkServlet.java:920)
	at javax.servlet.http.HttpServlet.service(HttpServlet.java:684)
	at org.springframework.web.servlet.FrameworkServlet.service(FrameworkServlet.java:883)
	at javax.servlet.http.HttpServlet.service(HttpServlet.java:764)
	at org.apache.catalina.core.ApplicationFilterChain.internalDoFilter(ApplicationFilterChain.java:227)
	at org.apache.catalina.core.ApplicationFilterChain.doFilter(ApplicationFilterChain.java:162)
	at org.apache.tomcat.websocket.server.WsFilter.doFilter(WsFilter.java:53)
	at org.apache.catalina.core.ApplicationFilterChain.internalDoFilter(ApplicationFilterChain.java:189)
	at org.apache.catalina.core.ApplicationFilterChain.doFilter(ApplicationFilterChain.java:162)
	at org.springframework.web.filter.RequestContextFilter.doFilterInternal(RequestContextFilter.java:100)
	at org.springframework.web.filter.OncePerRequestFilter.doFilter(OncePerRequestFilter.java:117)
	at org.apache.catalina.core.ApplicationFilterChain.internalDoFilter(ApplicationFilterChain.java:189)
	at org.apache.catalina.core.ApplicationFilterChain.doFilter(ApplicationFilterChain.java:162)
	at org.springframework.web.filter.FormContentFilter.doFilterInternal(FormContentFilter.java:93)
	at org.springframework.web.filter.OncePerRequestFilter.doFilter(OncePerRequestFilter.java:117)
	at org.apache.catalina.core.ApplicationFilterChain.internalDoFilter(ApplicationFilterChain.java:189)
	at org.apache.catalina.core.ApplicationFilterChain.doFilter(ApplicationFilterChain.java:162)
	at org.springframework.web.filter.CharacterEncodingFilter.doFilterInternal(CharacterEncodingFilter.java:201)
	at org.springframework.web.filter.OncePerRequestFilter.doFilter(OncePerRequestFilter.java:117)
	at org.apache.catalina.core.ApplicationFilterChain.internalDoFilter(ApplicationFilterChain.java:189)
	at org.apache.catalina.core.ApplicationFilterChain.doFilter(ApplicationFilterChain.java:162)
	at org.apache.catalina.core.StandardWrapperValve.invoke(StandardWrapperValve.java:197)
	at org.apache.catalina.core.StandardContextValve.invoke(StandardContextValve.java:97)
	at org.apache.catalina.authenticator.AuthenticatorBase.invoke(AuthenticatorBase.java:541)
	at org.apache.catalina.core.StandardHostValve.invoke(StandardHostValve.java:135)
	at org.apache.catalina.valves.ErrorReportValve.invoke(ErrorReportValve.java:92)
	at org.apache.catalina.core.StandardEngineValve.invoke(StandardEngineValve.java:78)
	at org.apache.catalina.connector.CoyoteAdapter.service(CoyoteAdapter.java:360)
	at org.apache.coyote.http11.Http11Processor.service(Http11Processor.java:399)
	at org.apache.coyote.AbstractProcessorLight.process(AbstractProcessorLight.java:65)
	at org.apache.coyote.AbstractProtocol$ConnectionHandler.process(AbstractProtocol.java:890)
	at org.apache.tomcat.util.net.NioEndpoint$SocketProcessor.doRun(NioEndpoint.java:1743)
	at org.apache.tomcat.util.net.SocketProcessorBase.run(SocketProcessorBase.java:49)
	at org.apache.tomcat.util.threads.ThreadPoolExecutor.runWorker(ThreadPoolExecutor.java:1191)
	at org.apache.tomcat.util.threads.ThreadPoolExecutor$Worker.run(ThreadPoolExecutor.java:659)
	at org.apache.tomcat.util.threads.TaskThread$WrappingRunnable.run(TaskThread.java:61)
	at java.base/java.lang.Thread.run(Thread.java:833)
